{"C:\\Users\\AR077058\\OneDrive - Cerner Corporation\\Documents\\Project\\NODETest\\spec\\specs.js":{"path":"C:\\Users\\AR077058\\OneDrive - Cerner Corporation\\Documents\\Project\\NODETest\\spec\\specs.js","s":{"1":1,"2":1,"3":1,"4":1,"5":1,"6":1,"7":1,"8":1},"b":{},"f":{},"fnMap":{},"statementMap":{"1":{"start":{"line":1,"column":0},"end":{"line":1,"column":35}},"2":{"start":{"line":2,"column":0},"end":{"line":2,"column":67}},"3":{"start":{"line":3,"column":0},"end":{"line":3,"column":30}},"4":{"start":{"line":4,"column":0},"end":{"line":10,"column":3}},"5":{"start":{"line":11,"column":0},"end":{"line":11,"column":30}},"6":{"start":{"line":12,"column":0},"end":{"line":12,"column":25}},"7":{"start":{"line":13,"column":0},"end":{"line":13,"column":44}},"8":{"start":{"line":14,"column":0},"end":{"line":14,"column":18}}},"branchMap":{}},"C:\\Users\\AR077058\\OneDrive - Cerner Corporation\\Documents\\Project\\NODETest\\spec\\http.spec.js":{"path":"C:\\Users\\AR077058\\OneDrive - Cerner Corporation\\Documents\\Project\\NODETest\\spec\\http.spec.js","s":{"1":1,"2":1,"3":1,"4":1,"5":1,"6":1,"7":1,"8":1,"9":1,"10":1,"11":1,"12":1,"13":1,"14":1,"15":1,"16":1,"17":1,"18":1,"19":1,"20":1,"21":1,"22":1,"23":1,"24":1,"25":1,"26":1,"27":1,"28":1,"29":1,"30":1,"31":1,"32":1,"33":1,"34":1,"35":1,"36":1,"37":1,"38":1,"39":1,"40":1,"41":1,"42":1,"43":1,"44":1,"45":1,"46":1,"47":1,"48":1,"49":1,"50":1,"51":1,"52":1,"53":1,"54":1,"55":1,"56":1,"57":1,"58":1,"59":1,"60":1,"61":1,"62":1,"63":1,"64":1,"65":1,"66":1,"67":1,"68":1,"69":1,"70":1,"71":1,"72":1,"73":1,"74":1,"75":1,"76":1,"77":1,"78":1,"79":1,"80":1,"81":1,"82":1,"83":1,"84":1,"85":1,"86":1,"87":1,"88":1,"89":1,"90":1,"91":1,"92":1,"93":1,"94":1,"95":1,"96":1,"97":1,"98":1,"99":1,"100":1,"101":1,"102":1,"103":1,"104":1,"105":1,"106":1,"107":1,"108":1,"109":1,"110":1,"111":1,"112":1,"113":1,"114":1,"115":1,"116":1,"117":1,"118":1,"119":1,"120":1,"121":1,"122":1,"123":1,"124":1,"125":1,"126":1,"127":1,"128":1,"129":1},"b":{},"f":{"1":1,"2":1,"3":1,"4":1,"5":1,"6":1,"7":1,"8":1,"9":1,"10":1,"11":1,"12":1,"13":1,"14":1,"15":1,"16":1,"17":1,"18":1,"19":1,"20":1,"21":1,"22":1,"23":1,"24":1,"25":1,"26":1,"27":1,"28":1,"29":1,"30":1,"31":1,"32":1,"33":1,"34":1,"35":1,"36":1,"37":1,"38":1,"39":1,"40":1,"41":1,"42":1,"43":1,"44":1,"45":1,"46":1,"47":1,"48":1,"49":1,"50":1,"51":1,"52":1,"53":1,"54":1,"55":1,"56":1,"57":1,"58":1,"59":1,"60":1,"61":1,"62":1,"63":1,"64":1,"65":1,"66":1,"67":1,"68":1,"69":1,"70":1,"71":1,"72":1,"73":1,"74":1},"fnMap":{"1":{"name":"(anonymous_1)","line":5,"loc":{"start":{"line":5,"column":26},"end":{"line":5,"column":37}}},"2":{"name":"(anonymous_2)","line":6,"loc":{"start":{"line":6,"column":20},"end":{"line":6,"column":31}}},"3":{"name":"(anonymous_3)","line":7,"loc":{"start":{"line":7,"column":31},"end":{"line":7,"column":46}}},"4":{"name":"(anonymous_4)","line":8,"loc":{"start":{"line":8,"column":28},"end":{"line":8,"column":60}}},"5":{"name":"(anonymous_5)","line":14,"loc":{"start":{"line":14,"column":25},"end":{"line":14,"column":40}}},"6":{"name":"(anonymous_6)","line":15,"loc":{"start":{"line":15,"column":28},"end":{"line":15,"column":60}}},"7":{"name":"(anonymous_7)","line":31,"loc":{"start":{"line":31,"column":28},"end":{"line":31,"column":39}}},"8":{"name":"(anonymous_8)","line":32,"loc":{"start":{"line":32,"column":30},"end":{"line":32,"column":41}}},"9":{"name":"(anonymous_9)","line":33,"loc":{"start":{"line":33,"column":31},"end":{"line":33,"column":46}}},"10":{"name":"(anonymous_10)","line":34,"loc":{"start":{"line":34,"column":41},"end":{"line":34,"column":73}}},"11":{"name":"(anonymous_11)","line":39,"loc":{"start":{"line":39,"column":26},"end":{"line":39,"column":41}}},"12":{"name":"(anonymous_12)","line":40,"loc":{"start":{"line":40,"column":41},"end":{"line":40,"column":73}}},"13":{"name":"(anonymous_13)","line":49,"loc":{"start":{"line":49,"column":27},"end":{"line":49,"column":38}}},"14":{"name":"(anonymous_14)","line":50,"loc":{"start":{"line":50,"column":29},"end":{"line":50,"column":40}}},"15":{"name":"(anonymous_15)","line":51,"loc":{"start":{"line":51,"column":31},"end":{"line":51,"column":46}}},"16":{"name":"(anonymous_16)","line":52,"loc":{"start":{"line":52,"column":40},"end":{"line":52,"column":72}}},"17":{"name":"(anonymous_17)","line":57,"loc":{"start":{"line":57,"column":26},"end":{"line":57,"column":41}}},"18":{"name":"(anonymous_18)","line":58,"loc":{"start":{"line":58,"column":40},"end":{"line":58,"column":72}}},"19":{"name":"(anonymous_19)","line":66,"loc":{"start":{"line":66,"column":23},"end":{"line":66,"column":34}}},"20":{"name":"(anonymous_20)","line":67,"loc":{"start":{"line":67,"column":25},"end":{"line":67,"column":36}}},"21":{"name":"(anonymous_21)","line":68,"loc":{"start":{"line":68,"column":31},"end":{"line":68,"column":46}}},"22":{"name":"(anonymous_22)","line":69,"loc":{"start":{"line":69,"column":36},"end":{"line":69,"column":68}}},"23":{"name":"(anonymous_23)","line":74,"loc":{"start":{"line":74,"column":26},"end":{"line":74,"column":41}}},"24":{"name":"(anonymous_24)","line":75,"loc":{"start":{"line":75,"column":36},"end":{"line":75,"column":68}}},"25":{"name":"(anonymous_25)","line":83,"loc":{"start":{"line":83,"column":31},"end":{"line":83,"column":42}}},"26":{"name":"(anonymous_26)","line":84,"loc":{"start":{"line":84,"column":33},"end":{"line":84,"column":44}}},"27":{"name":"(anonymous_27)","line":85,"loc":{"start":{"line":85,"column":31},"end":{"line":85,"column":46}}},"28":{"name":"(anonymous_28)","line":86,"loc":{"start":{"line":86,"column":44},"end":{"line":86,"column":76}}},"29":{"name":"(anonymous_29)","line":91,"loc":{"start":{"line":91,"column":25},"end":{"line":91,"column":40}}},"30":{"name":"(anonymous_30)","line":92,"loc":{"start":{"line":92,"column":44},"end":{"line":92,"column":76}}},"31":{"name":"(anonymous_31)","line":100,"loc":{"start":{"line":100,"column":22},"end":{"line":100,"column":33}}},"32":{"name":"(anonymous_32)","line":101,"loc":{"start":{"line":101,"column":24},"end":{"line":101,"column":35}}},"33":{"name":"(anonymous_33)","line":102,"loc":{"start":{"line":102,"column":31},"end":{"line":102,"column":46}}},"34":{"name":"(anonymous_34)","line":103,"loc":{"start":{"line":103,"column":35},"end":{"line":103,"column":67}}},"35":{"name":"(anonymous_35)","line":108,"loc":{"start":{"line":108,"column":26},"end":{"line":108,"column":41}}},"36":{"name":"(anonymous_36)","line":109,"loc":{"start":{"line":109,"column":35},"end":{"line":109,"column":67}}},"37":{"name":"(anonymous_37)","line":118,"loc":{"start":{"line":118,"column":30},"end":{"line":118,"column":41}}},"38":{"name":"(anonymous_38)","line":119,"loc":{"start":{"line":119,"column":27},"end":{"line":119,"column":38}}},"39":{"name":"(anonymous_39)","line":120,"loc":{"start":{"line":120,"column":31},"end":{"line":120,"column":46}}},"40":{"name":"(anonymous_40)","line":121,"loc":{"start":{"line":121,"column":48},"end":{"line":121,"column":80}}},"41":{"name":"(anonymous_41)","line":127,"loc":{"start":{"line":127,"column":24},"end":{"line":127,"column":39}}},"42":{"name":"(anonymous_42)","line":128,"loc":{"start":{"line":128,"column":46},"end":{"line":128,"column":78}}},"43":{"name":"(anonymous_43)","line":135,"loc":{"start":{"line":135,"column":41},"end":{"line":135,"column":52}}},"44":{"name":"(anonymous_44)","line":136,"loc":{"start":{"line":136,"column":30},"end":{"line":136,"column":41}}},"45":{"name":"(anonymous_45)","line":137,"loc":{"start":{"line":137,"column":31},"end":{"line":137,"column":46}}},"46":{"name":"(anonymous_46)","line":138,"loc":{"start":{"line":138,"column":41},"end":{"line":138,"column":73}}},"47":{"name":"(anonymous_47)","line":144,"loc":{"start":{"line":144,"column":24},"end":{"line":144,"column":39}}},"48":{"name":"(anonymous_48)","line":145,"loc":{"start":{"line":145,"column":39},"end":{"line":145,"column":71}}},"49":{"name":"(anonymous_49)","line":150,"loc":{"start":{"line":150,"column":26},"end":{"line":150,"column":41}}},"50":{"name":"(anonymous_50)","line":151,"loc":{"start":{"line":151,"column":38},"end":{"line":151,"column":70}}},"51":{"name":"(anonymous_51)","line":160,"loc":{"start":{"line":160,"column":31},"end":{"line":160,"column":42}}},"52":{"name":"(anonymous_52)","line":161,"loc":{"start":{"line":161,"column":27},"end":{"line":161,"column":38}}},"53":{"name":"(anonymous_53)","line":162,"loc":{"start":{"line":162,"column":31},"end":{"line":162,"column":46}}},"54":{"name":"(anonymous_54)","line":163,"loc":{"start":{"line":163,"column":38},"end":{"line":163,"column":70}}},"55":{"name":"(anonymous_55)","line":169,"loc":{"start":{"line":169,"column":24},"end":{"line":169,"column":39}}},"56":{"name":"(anonymous_56)","line":170,"loc":{"start":{"line":170,"column":36},"end":{"line":170,"column":68}}},"57":{"name":"(anonymous_57)","line":175,"loc":{"start":{"line":175,"column":26},"end":{"line":175,"column":41}}},"58":{"name":"(anonymous_58)","line":176,"loc":{"start":{"line":176,"column":35},"end":{"line":176,"column":67}}},"59":{"name":"(anonymous_59)","line":183,"loc":{"start":{"line":183,"column":29},"end":{"line":183,"column":40}}},"60":{"name":"(anonymous_60)","line":184,"loc":{"start":{"line":184,"column":27},"end":{"line":184,"column":38}}},"61":{"name":"(anonymous_61)","line":185,"loc":{"start":{"line":185,"column":31},"end":{"line":185,"column":46}}},"62":{"name":"(anonymous_62)","line":186,"loc":{"start":{"line":186,"column":46},"end":{"line":186,"column":78}}},"63":{"name":"(anonymous_63)","line":192,"loc":{"start":{"line":192,"column":24},"end":{"line":192,"column":39}}},"64":{"name":"(anonymous_64)","line":193,"loc":{"start":{"line":193,"column":44},"end":{"line":193,"column":76}}},"65":{"name":"(anonymous_65)","line":198,"loc":{"start":{"line":198,"column":26},"end":{"line":198,"column":41}}},"66":{"name":"(anonymous_66)","line":199,"loc":{"start":{"line":199,"column":43},"end":{"line":199,"column":75}}},"67":{"name":"(anonymous_67)","line":206,"loc":{"start":{"line":206,"column":29},"end":{"line":206,"column":40}}},"68":{"name":"(anonymous_68)","line":207,"loc":{"start":{"line":207,"column":31},"end":{"line":207,"column":42}}},"69":{"name":"(anonymous_69)","line":208,"loc":{"start":{"line":208,"column":31},"end":{"line":208,"column":46}}},"70":{"name":"(anonymous_70)","line":209,"loc":{"start":{"line":209,"column":46},"end":{"line":209,"column":78}}},"71":{"name":"(anonymous_71)","line":215,"loc":{"start":{"line":215,"column":24},"end":{"line":215,"column":39}}},"72":{"name":"(anonymous_72)","line":216,"loc":{"start":{"line":216,"column":44},"end":{"line":216,"column":76}}},"73":{"name":"(anonymous_73)","line":221,"loc":{"start":{"line":221,"column":26},"end":{"line":221,"column":41}}},"74":{"name":"(anonymous_74)","line":222,"loc":{"start":{"line":222,"column":43},"end":{"line":222,"column":75}}}},"statementMap":{"1":{"start":{"line":1,"column":0},"end":{"line":1,"column":33}},"2":{"start":{"line":2,"column":0},"end":{"line":2,"column":37}},"3":{"start":{"line":3,"column":0},"end":{"line":3,"column":39}},"4":{"start":{"line":5,"column":0},"end":{"line":29,"column":3}},"5":{"start":{"line":6,"column":2},"end":{"line":28,"column":5}},"6":{"start":{"line":7,"column":4},"end":{"line":12,"column":7}},"7":{"start":{"line":8,"column":6},"end":{"line":11,"column":9}},"8":{"start":{"line":9,"column":8},"end":{"line":9,"column":46}},"9":{"start":{"line":10,"column":8},"end":{"line":10,"column":15}},"10":{"start":{"line":14,"column":4},"end":{"line":19,"column":7}},"11":{"start":{"line":15,"column":6},"end":{"line":18,"column":9}},"12":{"start":{"line":16,"column":8},"end":{"line":16,"column":50}},"13":{"start":{"line":17,"column":8},"end":{"line":17,"column":15}},"14":{"start":{"line":31,"column":0},"end":{"line":46,"column":3}},"15":{"start":{"line":32,"column":2},"end":{"line":45,"column":5}},"16":{"start":{"line":33,"column":4},"end":{"line":38,"column":7}},"17":{"start":{"line":34,"column":6},"end":{"line":37,"column":9}},"18":{"start":{"line":35,"column":8},"end":{"line":35,"column":46}},"19":{"start":{"line":36,"column":8},"end":{"line":36,"column":15}},"20":{"start":{"line":39,"column":4},"end":{"line":44,"column":7}},"21":{"start":{"line":40,"column":6},"end":{"line":43,"column":9}},"22":{"start":{"line":41,"column":8},"end":{"line":41,"column":50}},"23":{"start":{"line":42,"column":8},"end":{"line":42,"column":15}},"24":{"start":{"line":49,"column":0},"end":{"line":64,"column":3}},"25":{"start":{"line":50,"column":2},"end":{"line":63,"column":5}},"26":{"start":{"line":51,"column":4},"end":{"line":56,"column":7}},"27":{"start":{"line":52,"column":6},"end":{"line":55,"column":9}},"28":{"start":{"line":53,"column":8},"end":{"line":53,"column":46}},"29":{"start":{"line":54,"column":8},"end":{"line":54,"column":15}},"30":{"start":{"line":57,"column":4},"end":{"line":62,"column":7}},"31":{"start":{"line":58,"column":6},"end":{"line":61,"column":9}},"32":{"start":{"line":59,"column":8},"end":{"line":59,"column":50}},"33":{"start":{"line":60,"column":8},"end":{"line":60,"column":15}},"34":{"start":{"line":66,"column":0},"end":{"line":81,"column":3}},"35":{"start":{"line":67,"column":2},"end":{"line":80,"column":5}},"36":{"start":{"line":68,"column":4},"end":{"line":73,"column":7}},"37":{"start":{"line":69,"column":6},"end":{"line":72,"column":9}},"38":{"start":{"line":70,"column":8},"end":{"line":70,"column":46}},"39":{"start":{"line":71,"column":8},"end":{"line":71,"column":15}},"40":{"start":{"line":74,"column":4},"end":{"line":79,"column":7}},"41":{"start":{"line":75,"column":6},"end":{"line":78,"column":9}},"42":{"start":{"line":76,"column":8},"end":{"line":76,"column":50}},"43":{"start":{"line":77,"column":8},"end":{"line":77,"column":15}},"44":{"start":{"line":83,"column":0},"end":{"line":98,"column":3}},"45":{"start":{"line":84,"column":2},"end":{"line":97,"column":5}},"46":{"start":{"line":85,"column":4},"end":{"line":90,"column":7}},"47":{"start":{"line":86,"column":6},"end":{"line":89,"column":9}},"48":{"start":{"line":87,"column":8},"end":{"line":87,"column":46}},"49":{"start":{"line":88,"column":8},"end":{"line":88,"column":15}},"50":{"start":{"line":91,"column":4},"end":{"line":96,"column":7}},"51":{"start":{"line":92,"column":6},"end":{"line":95,"column":9}},"52":{"start":{"line":93,"column":8},"end":{"line":93,"column":50}},"53":{"start":{"line":94,"column":8},"end":{"line":94,"column":15}},"54":{"start":{"line":100,"column":0},"end":{"line":116,"column":3}},"55":{"start":{"line":101,"column":2},"end":{"line":114,"column":5}},"56":{"start":{"line":102,"column":4},"end":{"line":107,"column":7}},"57":{"start":{"line":103,"column":6},"end":{"line":106,"column":9}},"58":{"start":{"line":104,"column":8},"end":{"line":104,"column":46}},"59":{"start":{"line":105,"column":8},"end":{"line":105,"column":15}},"60":{"start":{"line":108,"column":4},"end":{"line":113,"column":7}},"61":{"start":{"line":109,"column":6},"end":{"line":112,"column":9}},"62":{"start":{"line":110,"column":8},"end":{"line":110,"column":50}},"63":{"start":{"line":111,"column":8},"end":{"line":111,"column":15}},"64":{"start":{"line":118,"column":0},"end":{"line":133,"column":3}},"65":{"start":{"line":119,"column":2},"end":{"line":126,"column":5}},"66":{"start":{"line":120,"column":4},"end":{"line":125,"column":7}},"67":{"start":{"line":121,"column":6},"end":{"line":124,"column":9}},"68":{"start":{"line":122,"column":8},"end":{"line":122,"column":46}},"69":{"start":{"line":123,"column":8},"end":{"line":123,"column":15}},"70":{"start":{"line":127,"column":2},"end":{"line":132,"column":5}},"71":{"start":{"line":128,"column":4},"end":{"line":131,"column":7}},"72":{"start":{"line":129,"column":6},"end":{"line":129,"column":37}},"73":{"start":{"line":130,"column":6},"end":{"line":130,"column":13}},"74":{"start":{"line":135,"column":0},"end":{"line":158,"column":3}},"75":{"start":{"line":136,"column":2},"end":{"line":143,"column":5}},"76":{"start":{"line":137,"column":4},"end":{"line":142,"column":7}},"77":{"start":{"line":138,"column":6},"end":{"line":141,"column":9}},"78":{"start":{"line":139,"column":8},"end":{"line":139,"column":46}},"79":{"start":{"line":140,"column":8},"end":{"line":140,"column":15}},"80":{"start":{"line":144,"column":2},"end":{"line":149,"column":5}},"81":{"start":{"line":145,"column":4},"end":{"line":148,"column":7}},"82":{"start":{"line":146,"column":6},"end":{"line":146,"column":37}},"83":{"start":{"line":147,"column":6},"end":{"line":147,"column":13}},"84":{"start":{"line":150,"column":2},"end":{"line":155,"column":5}},"85":{"start":{"line":151,"column":4},"end":{"line":154,"column":7}},"86":{"start":{"line":152,"column":6},"end":{"line":152,"column":43}},"87":{"start":{"line":153,"column":6},"end":{"line":153,"column":13}},"88":{"start":{"line":160,"column":0},"end":{"line":181,"column":3}},"89":{"start":{"line":161,"column":2},"end":{"line":168,"column":5}},"90":{"start":{"line":162,"column":4},"end":{"line":167,"column":7}},"91":{"start":{"line":163,"column":6},"end":{"line":166,"column":9}},"92":{"start":{"line":164,"column":8},"end":{"line":164,"column":46}},"93":{"start":{"line":165,"column":8},"end":{"line":165,"column":15}},"94":{"start":{"line":169,"column":2},"end":{"line":174,"column":5}},"95":{"start":{"line":170,"column":4},"end":{"line":173,"column":7}},"96":{"start":{"line":171,"column":6},"end":{"line":171,"column":37}},"97":{"start":{"line":172,"column":6},"end":{"line":172,"column":13}},"98":{"start":{"line":175,"column":2},"end":{"line":180,"column":5}},"99":{"start":{"line":176,"column":4},"end":{"line":179,"column":7}},"100":{"start":{"line":177,"column":6},"end":{"line":177,"column":43}},"101":{"start":{"line":178,"column":6},"end":{"line":178,"column":13}},"102":{"start":{"line":183,"column":0},"end":{"line":204,"column":3}},"103":{"start":{"line":184,"column":2},"end":{"line":191,"column":5}},"104":{"start":{"line":185,"column":4},"end":{"line":190,"column":7}},"105":{"start":{"line":186,"column":6},"end":{"line":189,"column":9}},"106":{"start":{"line":187,"column":8},"end":{"line":187,"column":46}},"107":{"start":{"line":188,"column":8},"end":{"line":188,"column":15}},"108":{"start":{"line":192,"column":2},"end":{"line":197,"column":5}},"109":{"start":{"line":193,"column":4},"end":{"line":196,"column":7}},"110":{"start":{"line":194,"column":6},"end":{"line":194,"column":37}},"111":{"start":{"line":195,"column":6},"end":{"line":195,"column":13}},"112":{"start":{"line":198,"column":2},"end":{"line":203,"column":5}},"113":{"start":{"line":199,"column":4},"end":{"line":202,"column":7}},"114":{"start":{"line":200,"column":6},"end":{"line":200,"column":43}},"115":{"start":{"line":201,"column":6},"end":{"line":201,"column":13}},"116":{"start":{"line":206,"column":0},"end":{"line":227,"column":3}},"117":{"start":{"line":207,"column":2},"end":{"line":214,"column":5}},"118":{"start":{"line":208,"column":4},"end":{"line":213,"column":7}},"119":{"start":{"line":209,"column":6},"end":{"line":212,"column":9}},"120":{"start":{"line":210,"column":8},"end":{"line":210,"column":46}},"121":{"start":{"line":211,"column":8},"end":{"line":211,"column":15}},"122":{"start":{"line":215,"column":2},"end":{"line":220,"column":5}},"123":{"start":{"line":216,"column":4},"end":{"line":219,"column":7}},"124":{"start":{"line":217,"column":6},"end":{"line":217,"column":37}},"125":{"start":{"line":218,"column":6},"end":{"line":218,"column":13}},"126":{"start":{"line":221,"column":2},"end":{"line":226,"column":5}},"127":{"start":{"line":222,"column":4},"end":{"line":225,"column":7}},"128":{"start":{"line":223,"column":6},"end":{"line":223,"column":43}},"129":{"start":{"line":224,"column":6},"end":{"line":224,"column":13}}},"branchMap":{}},"C:\\Users\\AR077058\\OneDrive - Cerner Corporation\\Documents\\Project\\NODETest\\exp.js":{"path":"C:\\Users\\AR077058\\OneDrive - Cerner Corporation\\Documents\\Project\\NODETest\\exp.js","s":{"1":1,"2":1,"3":1,"4":1,"5":1,"6":1,"7":1,"8":1,"9":1,"10":1,"11":1,"12":1,"13":1,"14":1,"15":0,"16":1,"17":1,"18":1,"19":2,"20":2,"21":1,"22":2,"23":1,"24":2,"25":1,"26":2,"27":2,"28":2,"29":2,"30":1,"31":2,"32":1,"33":2,"34":2,"35":1,"36":2,"37":2,"38":2,"39":2,"40":0,"41":2,"42":1,"43":3,"44":3,"45":3,"46":0,"47":3,"48":1,"49":3,"50":3,"51":3,"52":0,"53":3,"54":1,"55":3,"56":3,"57":3,"58":0,"59":3,"60":1,"61":3,"62":3,"63":3,"64":0,"65":3,"66":1,"67":1,"68":1},"b":{"1":[0,1],"2":[0,2],"3":[0,3],"4":[0,3],"5":[0,3],"6":[0,3]},"f":{"1":2,"2":2,"3":2,"4":2,"5":2,"6":2,"7":3,"8":3,"9":1},"fnMap":{"1":{"name":"(anonymous_1)","line":37,"loc":{"start":{"line":37,"column":13},"end":{"line":37,"column":31}}},"2":{"name":"(anonymous_2)","line":43,"loc":{"start":{"line":43,"column":16},"end":{"line":43,"column":34}}},"3":{"name":"(anonymous_3)","line":47,"loc":{"start":{"line":47,"column":23},"end":{"line":47,"column":41}}},"4":{"name":"(anonymous_4)","line":52,"loc":{"start":{"line":52,"column":26},"end":{"line":52,"column":44}}},"5":{"name":"(anonymous_5)","line":61,"loc":{"start":{"line":61,"column":22},"end":{"line":61,"column":40}}},"6":{"name":"(anonymous_6)","line":66,"loc":{"start":{"line":66,"column":18},"end":{"line":66,"column":36}}},"7":{"name":"(anonymous_7)","line":81,"loc":{"start":{"line":81,"column":23},"end":{"line":81,"column":41}}},"8":{"name":"(anonymous_8)","line":91,"loc":{"start":{"line":91,"column":20},"end":{"line":91,"column":38}}},"9":{"name":"(anonymous_9)","line":120,"loc":{"start":{"line":120,"column":30},"end":{"line":120,"column":40}}}},"statementMap":{"1":{"start":{"line":1,"column":0},"end":{"line":1,"column":33}},"2":{"start":{"line":2,"column":0},"end":{"line":2,"column":31}},"3":{"start":{"line":4,"column":0},"end":{"line":4,"column":40}},"4":{"start":{"line":6,"column":0},"end":{"line":6,"column":23}},"5":{"start":{"line":7,"column":0},"end":{"line":7,"column":27}},"6":{"start":{"line":8,"column":0},"end":{"line":8,"column":20}},"7":{"start":{"line":10,"column":0},"end":{"line":10,"column":34}},"8":{"start":{"line":12,"column":0},"end":{"line":12,"column":24}},"9":{"start":{"line":14,"column":0},"end":{"line":14,"column":52}},"10":{"start":{"line":15,"column":0},"end":{"line":15,"column":27}},"11":{"start":{"line":16,"column":0},"end":{"line":16,"column":30}},"12":{"start":{"line":19,"column":0},"end":{"line":24,"column":3}},"13":{"start":{"line":27,"column":0},"end":{"line":33,"column":3}},"14":{"start":{"line":28,"column":2},"end":{"line":31,"column":3}},"15":{"start":{"line":30,"column":6},"end":{"line":30,"column":16}},"16":{"start":{"line":32,"column":2},"end":{"line":32,"column":36}},"17":{"start":{"line":35,"column":0},"end":{"line":35,"column":21}},"18":{"start":{"line":37,"column":0},"end":{"line":41,"column":3}},"19":{"start":{"line":38,"column":4},"end":{"line":38,"column":20}},"20":{"start":{"line":40,"column":4},"end":{"line":40,"column":28}},"21":{"start":{"line":43,"column":0},"end":{"line":45,"column":3}},"22":{"start":{"line":44,"column":2},"end":{"line":44,"column":17}},"23":{"start":{"line":47,"column":0},"end":{"line":50,"column":3}},"24":{"start":{"line":49,"column":2},"end":{"line":49,"column":41}},"25":{"start":{"line":52,"column":0},"end":{"line":59,"column":3}},"26":{"start":{"line":53,"column":2},"end":{"line":53,"column":53}},"27":{"start":{"line":54,"column":2},"end":{"line":57,"column":5}},"28":{"start":{"line":55,"column":4},"end":{"line":55,"column":31}},"29":{"start":{"line":56,"column":4},"end":{"line":56,"column":18}},"30":{"start":{"line":61,"column":0},"end":{"line":64,"column":3}},"31":{"start":{"line":63,"column":4},"end":{"line":63,"column":47}},"32":{"start":{"line":66,"column":0},"end":{"line":69,"column":3}},"33":{"start":{"line":67,"column":4},"end":{"line":67,"column":71}},"34":{"start":{"line":68,"column":4},"end":{"line":68,"column":24}},"35":{"start":{"line":71,"column":0},"end":{"line":79,"column":3}},"36":{"start":{"line":72,"column":2},"end":{"line":72,"column":101}},"37":{"start":{"line":73,"column":2},"end":{"line":73,"column":37}},"38":{"start":{"line":74,"column":2},"end":{"line":78,"column":5}},"39":{"start":{"line":75,"column":5},"end":{"line":75,"column":23}},"40":{"start":{"line":75,"column":13},"end":{"line":75,"column":23}},"41":{"start":{"line":76,"column":4},"end":{"line":76,"column":18}},"42":{"start":{"line":81,"column":0},"end":{"line":89,"column":3}},"43":{"start":{"line":83,"column":2},"end":{"line":83,"column":78}},"44":{"start":{"line":84,"column":2},"end":{"line":88,"column":5}},"45":{"start":{"line":85,"column":6},"end":{"line":85,"column":24}},"46":{"start":{"line":85,"column":14},"end":{"line":85,"column":24}},"47":{"start":{"line":87,"column":6},"end":{"line":87,"column":20}},"48":{"start":{"line":91,"column":0},"end":{"line":100,"column":3}},"49":{"start":{"line":93,"column":2},"end":{"line":93,"column":78}},"50":{"start":{"line":94,"column":2},"end":{"line":99,"column":5}},"51":{"start":{"line":95,"column":6},"end":{"line":95,"column":24}},"52":{"start":{"line":95,"column":14},"end":{"line":95,"column":24}},"53":{"start":{"line":97,"column":6},"end":{"line":97,"column":20}},"54":{"start":{"line":102,"column":0},"end":{"line":109,"column":3}},"55":{"start":{"line":103,"column":2},"end":{"line":103,"column":126}},"56":{"start":{"line":105,"column":2},"end":{"line":108,"column":5}},"57":{"start":{"line":106,"column":6},"end":{"line":106,"column":24}},"58":{"start":{"line":106,"column":14},"end":{"line":106,"column":24}},"59":{"start":{"line":107,"column":6},"end":{"line":107,"column":20}},"60":{"start":{"line":111,"column":0},"end":{"line":118,"column":3}},"61":{"start":{"line":112,"column":2},"end":{"line":112,"column":97}},"62":{"start":{"line":114,"column":2},"end":{"line":117,"column":5}},"63":{"start":{"line":115,"column":6},"end":{"line":115,"column":32}},"64":{"start":{"line":115,"column":14},"end":{"line":115,"column":32}},"65":{"start":{"line":116,"column":6},"end":{"line":116,"column":20}},"66":{"start":{"line":120,"column":0},"end":{"line":122,"column":3}},"67":{"start":{"line":121,"column":2},"end":{"line":121,"column":59}},"68":{"start":{"line":128,"column":0},"end":{"line":128,"column":21}}},"branchMap":{"1":{"line":28,"type":"if","locations":[{"start":{"line":28,"column":2},"end":{"line":28,"column":2}},{"start":{"line":28,"column":2},"end":{"line":28,"column":2}}]},"2":{"line":75,"type":"if","locations":[{"start":{"line":75,"column":5},"end":{"line":75,"column":5}},{"start":{"line":75,"column":5},"end":{"line":75,"column":5}}]},"3":{"line":85,"type":"if","locations":[{"start":{"line":85,"column":6},"end":{"line":85,"column":6}},{"start":{"line":85,"column":6},"end":{"line":85,"column":6}}]},"4":{"line":95,"type":"if","locations":[{"start":{"line":95,"column":6},"end":{"line":95,"column":6}},{"start":{"line":95,"column":6},"end":{"line":95,"column":6}}]},"5":{"line":106,"type":"if","locations":[{"start":{"line":106,"column":6},"end":{"line":106,"column":6}},{"start":{"line":106,"column":6},"end":{"line":106,"column":6}}]},"6":{"line":115,"type":"if","locations":[{"start":{"line":115,"column":6},"end":{"line":115,"column":6}},{"start":{"line":115,"column":6},"end":{"line":115,"column":6}}]}}},"C:\\Users\\AR077058\\OneDrive - Cerner Corporation\\Documents\\Project\\NODETest\\growthChart.js":{"path":"C:\\Users\\AR077058\\OneDrive - Cerner Corporation\\Documents\\Project\\NODETest\\growthChart.js","s":{},"b":{},"f":{},"fnMap":{},"statementMap":{},"branchMap":{}}}