TN:
SF:C:\Users\AR077058\OneDrive - Cerner Corporation\Documents\Project\NODETest\spec\specs.js
FNF:0
FNH:0
DA:1,1
DA:2,1
DA:3,1
DA:4,1
DA:11,1
DA:12,1
DA:13,1
DA:14,1
LF:8
LH:8
BRF:0
BRH:0
end_of_record
TN:
SF:C:\Users\AR077058\OneDrive - Cerner Corporation\Documents\Project\NODETest\spec\http.spec.js
FN:5,(anonymous_1)
FN:6,(anonymous_2)
FN:7,(anonymous_3)
FN:8,(anonymous_4)
FN:14,(anonymous_5)
FN:15,(anonymous_6)
FN:31,(anonymous_7)
FN:32,(anonymous_8)
FN:33,(anonymous_9)
FN:34,(anonymous_10)
FN:39,(anonymous_11)
FN:40,(anonymous_12)
FN:49,(anonymous_13)
FN:50,(anonymous_14)
FN:51,(anonymous_15)
FN:52,(anonymous_16)
FN:57,(anonymous_17)
FN:58,(anonymous_18)
FN:66,(anonymous_19)
FN:67,(anonymous_20)
FN:68,(anonymous_21)
FN:69,(anonymous_22)
FN:74,(anonymous_23)
FN:75,(anonymous_24)
FN:83,(anonymous_25)
FN:84,(anonymous_26)
FN:85,(anonymous_27)
FN:86,(anonymous_28)
FN:91,(anonymous_29)
FN:92,(anonymous_30)
FN:100,(anonymous_31)
FN:101,(anonymous_32)
FN:102,(anonymous_33)
FN:103,(anonymous_34)
FN:108,(anonymous_35)
FN:109,(anonymous_36)
FN:118,(anonymous_37)
FN:119,(anonymous_38)
FN:120,(anonymous_39)
FN:121,(anonymous_40)
FN:127,(anonymous_41)
FN:128,(anonymous_42)
FN:135,(anonymous_43)
FN:136,(anonymous_44)
FN:137,(anonymous_45)
FN:138,(anonymous_46)
FN:144,(anonymous_47)
FN:145,(anonymous_48)
FN:150,(anonymous_49)
FN:151,(anonymous_50)
FN:160,(anonymous_51)
FN:161,(anonymous_52)
FN:162,(anonymous_53)
FN:163,(anonymous_54)
FN:169,(anonymous_55)
FN:170,(anonymous_56)
FN:175,(anonymous_57)
FN:176,(anonymous_58)
FN:183,(anonymous_59)
FN:184,(anonymous_60)
FN:185,(anonymous_61)
FN:186,(anonymous_62)
FN:192,(anonymous_63)
FN:193,(anonymous_64)
FN:198,(anonymous_65)
FN:199,(anonymous_66)
FN:206,(anonymous_67)
FN:207,(anonymous_68)
FN:208,(anonymous_69)
FN:209,(anonymous_70)
FN:215,(anonymous_71)
FN:216,(anonymous_72)
FN:221,(anonymous_73)
FN:222,(anonymous_74)
FNF:74
FNH:74
FNDA:1,(anonymous_1)
FNDA:1,(anonymous_2)
FNDA:1,(anonymous_3)
FNDA:1,(anonymous_4)
FNDA:1,(anonymous_5)
FNDA:1,(anonymous_6)
FNDA:1,(anonymous_7)
FNDA:1,(anonymous_8)
FNDA:1,(anonymous_9)
FNDA:1,(anonymous_10)
FNDA:1,(anonymous_11)
FNDA:1,(anonymous_12)
FNDA:1,(anonymous_13)
FNDA:1,(anonymous_14)
FNDA:1,(anonymous_15)
FNDA:1,(anonymous_16)
FNDA:1,(anonymous_17)
FNDA:1,(anonymous_18)
FNDA:1,(anonymous_19)
FNDA:1,(anonymous_20)
FNDA:1,(anonymous_21)
FNDA:1,(anonymous_22)
FNDA:1,(anonymous_23)
FNDA:1,(anonymous_24)
FNDA:1,(anonymous_25)
FNDA:1,(anonymous_26)
FNDA:1,(anonymous_27)
FNDA:1,(anonymous_28)
FNDA:1,(anonymous_29)
FNDA:1,(anonymous_30)
FNDA:1,(anonymous_31)
FNDA:1,(anonymous_32)
FNDA:1,(anonymous_33)
FNDA:1,(anonymous_34)
FNDA:1,(anonymous_35)
FNDA:1,(anonymous_36)
FNDA:1,(anonymous_37)
FNDA:1,(anonymous_38)
FNDA:1,(anonymous_39)
FNDA:1,(anonymous_40)
FNDA:1,(anonymous_41)
FNDA:1,(anonymous_42)
FNDA:1,(anonymous_43)
FNDA:1,(anonymous_44)
FNDA:1,(anonymous_45)
FNDA:1,(anonymous_46)
FNDA:1,(anonymous_47)
FNDA:1,(anonymous_48)
FNDA:1,(anonymous_49)
FNDA:1,(anonymous_50)
FNDA:1,(anonymous_51)
FNDA:1,(anonymous_52)
FNDA:1,(anonymous_53)
FNDA:1,(anonymous_54)
FNDA:1,(anonymous_55)
FNDA:1,(anonymous_56)
FNDA:1,(anonymous_57)
FNDA:1,(anonymous_58)
FNDA:1,(anonymous_59)
FNDA:1,(anonymous_60)
FNDA:1,(anonymous_61)
FNDA:1,(anonymous_62)
FNDA:1,(anonymous_63)
FNDA:1,(anonymous_64)
FNDA:1,(anonymous_65)
FNDA:1,(anonymous_66)
FNDA:1,(anonymous_67)
FNDA:1,(anonymous_68)
FNDA:1,(anonymous_69)
FNDA:1,(anonymous_70)
FNDA:1,(anonymous_71)
FNDA:1,(anonymous_72)
FNDA:1,(anonymous_73)
FNDA:1,(anonymous_74)
DA:1,1
DA:2,1
DA:3,1
DA:5,1
DA:6,1
DA:7,1
DA:8,1
DA:9,1
DA:10,1
DA:14,1
DA:15,1
DA:16,1
DA:17,1
DA:31,1
DA:32,1
DA:33,1
DA:34,1
DA:35,1
DA:36,1
DA:39,1
DA:40,1
DA:41,1
DA:42,1
DA:49,1
DA:50,1
DA:51,1
DA:52,1
DA:53,1
DA:54,1
DA:57,1
DA:58,1
DA:59,1
DA:60,1
DA:66,1
DA:67,1
DA:68,1
DA:69,1
DA:70,1
DA:71,1
DA:74,1
DA:75,1
DA:76,1
DA:77,1
DA:83,1
DA:84,1
DA:85,1
DA:86,1
DA:87,1
DA:88,1
DA:91,1
DA:92,1
DA:93,1
DA:94,1
DA:100,1
DA:101,1
DA:102,1
DA:103,1
DA:104,1
DA:105,1
DA:108,1
DA:109,1
DA:110,1
DA:111,1
DA:118,1
DA:119,1
DA:120,1
DA:121,1
DA:122,1
DA:123,1
DA:127,1
DA:128,1
DA:129,1
DA:130,1
DA:135,1
DA:136,1
DA:137,1
DA:138,1
DA:139,1
DA:140,1
DA:144,1
DA:145,1
DA:146,1
DA:147,1
DA:150,1
DA:151,1
DA:152,1
DA:153,1
DA:160,1
DA:161,1
DA:162,1
DA:163,1
DA:164,1
DA:165,1
DA:169,1
DA:170,1
DA:171,1
DA:172,1
DA:175,1
DA:176,1
DA:177,1
DA:178,1
DA:183,1
DA:184,1
DA:185,1
DA:186,1
DA:187,1
DA:188,1
DA:192,1
DA:193,1
DA:194,1
DA:195,1
DA:198,1
DA:199,1
DA:200,1
DA:201,1
DA:206,1
DA:207,1
DA:208,1
DA:209,1
DA:210,1
DA:211,1
DA:215,1
DA:216,1
DA:217,1
DA:218,1
DA:221,1
DA:222,1
DA:223,1
DA:224,1
LF:129
LH:129
BRF:0
BRH:0
end_of_record
TN:
SF:C:\Users\AR077058\OneDrive - Cerner Corporation\Documents\Project\NODETest\exp.js
FN:37,(anonymous_1)
FN:43,(anonymous_2)
FN:47,(anonymous_3)
FN:52,(anonymous_4)
FN:61,(anonymous_5)
FN:66,(anonymous_6)
FN:81,(anonymous_7)
FN:91,(anonymous_8)
FN:120,(anonymous_9)
FNF:9
FNH:9
FNDA:2,(anonymous_1)
FNDA:2,(anonymous_2)
FNDA:2,(anonymous_3)
FNDA:2,(anonymous_4)
FNDA:2,(anonymous_5)
FNDA:2,(anonymous_6)
FNDA:3,(anonymous_7)
FNDA:3,(anonymous_8)
FNDA:1,(anonymous_9)
DA:1,1
DA:2,1
DA:4,1
DA:6,1
DA:7,1
DA:8,1
DA:10,1
DA:12,1
DA:14,1
DA:15,1
DA:16,1
DA:19,1
DA:27,1
DA:28,1
DA:30,0
DA:32,1
DA:35,1
DA:37,1
DA:38,2
DA:40,2
DA:43,1
DA:44,2
DA:47,1
DA:49,2
DA:52,1
DA:53,2
DA:54,2
DA:55,2
DA:56,2
DA:61,1
DA:63,2
DA:66,1
DA:67,2
DA:68,2
DA:71,1
DA:72,2
DA:73,2
DA:74,2
DA:75,2
DA:76,2
DA:81,1
DA:83,3
DA:84,3
DA:85,3
DA:87,3
DA:91,1
DA:93,3
DA:94,3
DA:95,3
DA:97,3
DA:102,1
DA:103,3
DA:105,3
DA:106,3
DA:107,3
DA:111,1
DA:112,3
DA:114,3
DA:115,3
DA:116,3
DA:120,1
DA:121,1
DA:128,1
LF:63
LH:62
BRDA:28,1,0,0
BRDA:28,1,1,1
BRDA:75,2,0,0
BRDA:75,2,1,2
BRDA:85,3,0,0
BRDA:85,3,1,3
BRDA:95,4,0,0
BRDA:95,4,1,3
BRDA:106,5,0,0
BRDA:106,5,1,3
BRDA:115,6,0,0
BRDA:115,6,1,3
BRF:12
BRH:6
end_of_record
TN:
SF:C:\Users\AR077058\OneDrive - Cerner Corporation\Documents\Project\NODETest\growthChart.js
FNF:0
FNH:0
LF:0
LH:0
BRF:0
BRH:0
end_of_record
